Build started 4/14/2016 8:42:46 AM.
     1>Project "H:\C++\SpaceShooterIII\lib\deps\zlib\zlibstatic.vcxproj" on node 3 (build target(s)).
     1>InitializeBuildStatus:
         Creating "zlibstatic.dir\Release\zlibstatic.unsuccessfulbuild" because "AlwaysCreate" was specified.
       CustomBuild:
         Building Custom Rule H:/C++/SpaceShooterIII/lib/zlib/CMakeLists.txt
         CMake does not need to re-run because H:\C++\SpaceShooterIII\lib\deps\zlib\CMakeFiles\generate.stamp is up-to-date.
       ClCompile:
         c:\Program Files (x86)\Microsoft Visual Studio 10.0\VC\bin\CL.exe /c /IH:\C++\SpaceShooterIII\lib\zlib /IH:\C++\SpaceShooterIII\lib\deps\zlib /nologo /W3 /WX- /O2 /Ob2 /Oy- /D WIN32 /D _WINDOWS /D NDEBUG /D NO_FSEEKO /D _CRT_SECURE_NO_DEPRECATE /D _CRT_NONSTDC_NO_DEPRECATE /D "CMAKE_INTDIR=\"Release\"" /D _MBCS /Gm- /MD /GS /fp:precise /Zc:wchar_t /Zc:forScope /Fo"zlibstatic.dir\Release\\" /Fd"zlibstatic.dir\Release\vc100.pdb" /Gd /TC /analyze- /errorReport:prompt ..\..\zlib\adler32.c ..\..\zlib\compress.c ..\..\zlib\crc32.c ..\..\zlib\deflate.c ..\..\zlib\gzclose.c ..\..\zlib\gzlib.c ..\..\zlib\gzread.c ..\..\zlib\gzwrite.c ..\..\zlib\inflate.c ..\..\zlib\infback.c ..\..\zlib\inftrees.c ..\..\zlib\inffast.c ..\..\zlib\trees.c ..\..\zlib\uncompr.c ..\..\zlib\zutil.c
         adler32.c
         compress.c
         crc32.c
         deflate.c
         gzclose.c
         gzlib.c
         gzread.c
         gzwrite.c
         inflate.c
         infback.c
         inftrees.c
         inffast.c
         trees.c
         uncompr.c
         zutil.c
         Generating Code...
       Lib:
         c:\Program Files (x86)\Microsoft Visual Studio 10.0\VC\bin\Lib.exe /OUT:"H:\C++\SpaceShooterIII\lib\deps\zlib\Release\zlibstatic.lib" /NOLOGO zlibstatic.dir\Release\adler32.obj
         zlibstatic.dir\Release\compress.obj
         zlibstatic.dir\Release\crc32.obj
         zlibstatic.dir\Release\deflate.obj
         zlibstatic.dir\Release\gzclose.obj
         zlibstatic.dir\Release\gzlib.obj
         zlibstatic.dir\Release\gzread.obj
         zlibstatic.dir\Release\gzwrite.obj
         zlibstatic.dir\Release\inflate.obj
         zlibstatic.dir\Release\infback.obj
         zlibstatic.dir\Release\inftrees.obj
         zlibstatic.dir\Release\inffast.obj
         zlibstatic.dir\Release\trees.obj
         zlibstatic.dir\Release\uncompr.obj
         zlibstatic.dir\Release\zutil.obj  /machine:X86 
         zlibstatic.vcxproj -> H:\C++\SpaceShooterIII\lib\deps\zlib\Release\zlibstatic.lib
       FinalizeBuildStatus:
         Deleting file "zlibstatic.dir\Release\zlibstatic.unsuccessfulbuild".
         Touching "zlibstatic.dir\Release\zlibstatic.lastbuildstate".
     1>Done Building Project "H:\C++\SpaceShooterIII\lib\deps\zlib\zlibstatic.vcxproj" (build target(s)).

Build succeeded.

Time Elapsed 00:00:03.98
