Build started 4/14/2016 8:42:50 AM.
     1>Project "H:\C++\SpaceShooterIII\lib\deps\zlib\example.vcxproj" on node 4 (build target(s)).
     1>InitializeBuildStatus:
         Creating "example.dir\Release\example.unsuccessfulbuild" because "AlwaysCreate" was specified.
       CustomBuild:
         Building Custom Rule H:/C++/SpaceShooterIII/lib/zlib/CMakeLists.txt
         CMake does not need to re-run because H:\C++\SpaceShooterIII\lib\deps\zlib\CMakeFiles\generate.stamp is up-to-date.
       ClCompile:
         c:\Program Files (x86)\Microsoft Visual Studio 10.0\VC\bin\CL.exe /c /IH:\C++\SpaceShooterIII\lib\zlib /IH:\C++\SpaceShooterIII\lib\deps\zlib /nologo /W3 /WX- /O2 /Ob2 /Oy- /D WIN32 /D _WINDOWS /D NDEBUG /D NO_FSEEKO /D _CRT_SECURE_NO_DEPRECATE /D _CRT_NONSTDC_NO_DEPRECATE /D "CMAKE_INTDIR=\"Release\"" /D _MBCS /Gm- /MD /GS /fp:precise /Zc:wchar_t /Zc:forScope /Fo"example.dir\Release\\" /Fd"example.dir\Release\vc100.pdb" /Gd /TC /analyze- /errorReport:prompt ..\..\zlib\test\example.c
         example.c
       Link:
         c:\Program Files (x86)\Microsoft Visual Studio 10.0\VC\bin\link.exe /ERRORREPORT:PROMPT /OUT:"H:\C++\SpaceShooterIII\lib\deps\zlib\Release\example.exe" /INCREMENTAL:NO /NOLOGO kernel32.lib user32.lib gdi32.lib winspool.lib shell32.lib ole32.lib oleaut32.lib uuid.lib comdlg32.lib advapi32.lib Release\zlib.lib /MANIFEST /ManifestFile:"example.dir\Release\example.exe.intermediate.manifest" /MANIFESTUAC:"level='asInvoker' uiAccess='false'" /PDB:"H:/C++/SpaceShooterIII/lib/deps/zlib/Release/example.pdb" /SUBSYSTEM:CONSOLE /TLBID:1 /DYNAMICBASE /NXCOMPAT /IMPLIB:"H:/C++/SpaceShooterIII/lib/deps/zlib/Release/example.lib" /MACHINE:X86 example.dir\Release\example.obj  /machine:X86 
         example.vcxproj -> H:\C++\SpaceShooterIII\lib\deps\zlib\Release\example.exe
       Manifest:
         c:\Program Files (x86)\Microsoft SDKs\Windows\v7.0A\bin\mt.exe /nologo /verbose /outputresource:"H:\C++\SpaceShooterIII\lib\deps\zlib\Release\example.exe;#1" /manifest example.dir\Release\example.exe.intermediate.manifest
       FinalizeBuildStatus:
         Deleting file "example.dir\Release\example.unsuccessfulbuild".
         Touching "example.dir\Release\example.lastbuildstate".
     1>Done Building Project "H:\C++\SpaceShooterIII\lib\deps\zlib\example.vcxproj" (build target(s)).

Build succeeded.

Time Elapsed 00:00:02.02
