Build started 4/14/2016 8:37:59 AM.
     1>Project "H:\C++\SpaceShooterIII\lib\deps\openal-soft\altonegen.vcxproj" on node 4 (build target(s)).
     1>InitializeBuildStatus:
         Creating "altonegen.dir\Release\altonegen.unsuccessfulbuild" because "AlwaysCreate" was specified.
       CustomBuild:
         Building Custom Rule H:/C++/SpaceShooterIII/lib/openal-soft/CMakeLists.txt
         CMake does not need to re-run because H:\C++\SpaceShooterIII\lib\deps\openal-soft\CMakeFiles\generate.stamp is up-to-date.
       ClCompile:
         c:\Program Files (x86)\Microsoft Visual Studio 10.0\VC\bin\CL.exe /c /I"H:\C++\SpaceShooterIII\lib\openal-soft\include" /I"H:\C++\SpaceShooterIII\lib\deps\openal-soft" /nologo /W3 /WX- /O2 /Ob2 /Oy- /D WIN32 /D _WINDOWS /D NDEBUG /D _WIN32 /D _WIN32_WINNT=0x0502 /D _LARGEFILE_SOURCE /D _LARGE_FILES /D restrict= /D inline=__inline /D _CRT_SECURE_NO_WARNINGS /D _CRT_NONSTDC_NO_DEPRECATE /D strcasecmp=_stricmp /D strncasecmp=_strnicmp /D snprintf=_snprintf /D isfinite=_finite /D isnan=_isnan /D "CMAKE_INTDIR=\"Release\"" /D _MBCS /Gm- /MD /GS /fp:precise /Zc:wchar_t /Zc:forScope /Fo"altonegen.dir\Release\\" /Fd"altonegen.dir\Release\vc100.pdb" /Gd /TC /wd4098 /analyze- /errorReport:prompt "..\..\openal-soft\examples\altonegen.c"
         altonegen.c
       Link:
         c:\Program Files (x86)\Microsoft Visual Studio 10.0\VC\bin\link.exe /ERRORREPORT:PROMPT /OUT:"H:\C++\SpaceShooterIII\lib\deps\openal-soft\Release\altonegen.exe" /INCREMENTAL:NO /NOLOGO kernel32.lib user32.lib gdi32.lib winspool.lib shell32.lib ole32.lib oleaut32.lib uuid.lib comdlg32.lib advapi32.lib "Release\test-common.lib" Release\OpenAL32.lib Release\common.lib winmm.lib /MANIFEST /ManifestFile:"altonegen.dir\Release\altonegen.exe.intermediate.manifest" /MANIFESTUAC:"level='asInvoker' uiAccess='false'" /PDB:"H:/C++/SpaceShooterIII/lib/deps/openal-soft/Release/altonegen.pdb" /SUBSYSTEM:CONSOLE /TLBID:1 /DYNAMICBASE /NXCOMPAT /IMPLIB:"H:/C++/SpaceShooterIII/lib/deps/openal-soft/Release/altonegen.lib" /MACHINE:X86 altonegen.dir\Release\altonegen.obj  /machine:X86 
         altonegen.vcxproj -> H:\C++\SpaceShooterIII\lib\deps\openal-soft\Release\altonegen.exe
       Manifest:
         c:\Program Files (x86)\Microsoft SDKs\Windows\v7.0A\bin\mt.exe /nologo /verbose /outputresource:"H:\C++\SpaceShooterIII\lib\deps\openal-soft\Release\altonegen.exe;#1" /manifest altonegen.dir\Release\altonegen.exe.intermediate.manifest
       FinalizeBuildStatus:
         Deleting file "altonegen.dir\Release\altonegen.unsuccessfulbuild".
         Touching "altonegen.dir\Release\altonegen.lastbuildstate".
     1>Done Building Project "H:\C++\SpaceShooterIII\lib\deps\openal-soft\altonegen.vcxproj" (build target(s)).

Build succeeded.

Time Elapsed 00:00:03.24
