Build started 4/14/2016 8:31:12 AM.
     1>Project "H:\C++\SpaceShooterIII\lib\deps\freetype\freetype.vcxproj" on node 2 (build target(s)).
     1>InitializeBuildStatus:
         Creating "freetype.dir\Debug\freetype.unsuccessfulbuild" because "AlwaysCreate" was specified.
       CustomBuild:
         Building Custom Rule H:/C++/SpaceShooterIII/lib/freetype/CMakeLists.txt
         CMake does not need to re-run because H:\C++\SpaceShooterIII\lib\deps\freetype\CMakeFiles\generate.stamp is up-to-date.
       ClCompile:
         c:\Program Files (x86)\Microsoft Visual Studio 10.0\VC\bin\CL.exe /c /IH:\C++\SpaceShooterIII\lib\deps\freetype\include /IH:\C++\SpaceShooterIII\lib\freetype\include /Zi /nologo /W3 /WX- /Od /Ob0 /Oy- /D WIN32 /D _WINDOWS /D _DEBUG /D FT2_BUILD_LIBRARY /D "CMAKE_INTDIR=\"Debug\"" /D _MBCS /Gm- /RTC1 /MDd /GS /fp:precise /Zc:wchar_t /Zc:forScope /Fo"freetype.dir\Debug\\" /Fd"freetype.dir\Debug\vc100.pdb" /Gd /TC /analyze- /errorReport:prompt ..\..\freetype\src\autofit\autofit.c ..\..\freetype\src\base\ftbase.c ..\..\freetype\src\base\ftbbox.c ..\..\freetype\src\base\ftbdf.c ..\..\freetype\src\base\ftbitmap.c ..\..\freetype\src\base\ftcid.c ..\..\freetype\src\base\ftfntfmt.c ..\..\freetype\src\base\ftfstype.c ..\..\freetype\src\base\ftgasp.c ..\..\freetype\src\base\ftglyph.c ..\..\freetype\src\base\ftgxval.c ..\..\freetype\src\base\ftinit.c ..\..\freetype\src\base\ftlcdfil.c ..\..\freetype\src\base\ftmm.c ..\..\freetype\src\base\ftotval.c ..\..\freetype\src\base\ftpatent.c ..\..\freetype\src\base\ftpfr.c ..\..\freetype\src\base\ftstroke.c ..\..\freetype\src\base\ftsynth.c ..\..\freetype\src\base\ftsystem.c ..\..\freetype\src\base\fttype1.c ..\..\freetype\src\base\ftwinfnt.c ..\..\freetype\src\bdf\bdf.c ..\..\freetype\src\bzip2\ftbzip2.c ..\..\freetype\src\cache\ftcache.c ..\..\freetype\src\cff\cff.c ..\..\freetype\src\cid\type1cid.c ..\..\freetype\src\gzip\ftgzip.c ..\..\freetype\src\lzw\ftlzw.c ..\..\freetype\src\pcf\pcf.c ..\..\freetype\src\pfr\pfr.c ..\..\freetype\src\psaux\psaux.c ..\..\freetype\src\pshinter\pshinter.c ..\..\freetype\src\psnames\psnames.c ..\..\freetype\src\raster\raster.c ..\..\freetype\src\sfnt\sfnt.c ..\..\freetype\src\smooth\smooth.c ..\..\freetype\src\truetype\truetype.c ..\..\freetype\src\type1\type1.c ..\..\freetype\src\type42\type42.c ..\..\freetype\src\winfonts\winfnt.c ..\..\freetype\builds\windows\ftdebug.c
         autofit.c
         ftbase.c
     1>h:\c++\spaceshooteriii\lib\freetype\src\base\ftrfork.c(829): warning C4996: 'strncpy': This function or variable may be unsafe. Consider using strncpy_s instead. To disable deprecation, use _CRT_SECURE_NO_WARNINGS. See online help for details.
                 c:\Program Files (x86)\Microsoft Visual Studio 10.0\VC\include\string.h(188) : see declaration of 'strncpy'
     1>h:\c++\spaceshooteriii\lib\freetype\src\base\ftrfork.c(839): warning C4996: 'strcat': This function or variable may be unsafe. Consider using strcat_s instead. To disable deprecation, use _CRT_SECURE_NO_WARNINGS. See online help for details.
                 c:\Program Files (x86)\Microsoft Visual Studio 10.0\VC\include\string.h(110) : see declaration of 'strcat'
     1>h:\c++\spaceshooteriii\lib\freetype\src\base\ftrfork.c(840): warning C4996: 'strcat': This function or variable may be unsafe. Consider using strcat_s instead. To disable deprecation, use _CRT_SECURE_NO_WARNINGS. See online help for details.
                 c:\Program Files (x86)\Microsoft Visual Studio 10.0\VC\include\string.h(110) : see declaration of 'strcat'
         ftbbox.c
         ftbdf.c
         ftbitmap.c
         ftcid.c
         ftfntfmt.c
         ftfstype.c
         ftgasp.c
         ftglyph.c
         ftgxval.c
         ftinit.c
         ftlcdfil.c
         ftmm.c
         ftotval.c
         ftpatent.c
         ftpfr.c
         ftstroke.c
         ftsynth.c
         ftsystem.c
     1>..\..\freetype\src\base\ftsystem.c(240): warning C4996: 'fopen': This function or variable may be unsafe. Consider using fopen_s instead. To disable deprecation, use _CRT_SECURE_NO_WARNINGS. See online help for details.
                 c:\Program Files (x86)\Microsoft Visual Studio 10.0\VC\include\stdio.h(234) : see declaration of 'fopen'
         Generating Code...
         Compiling...
         fttype1.c
         ftwinfnt.c
         bdf.c
     1>h:\c++\spaceshooteriii\lib\freetype\src\bdf\bdflib.c(2082): warning C4996: 'sprintf': This function or variable may be unsafe. Consider using sprintf_s instead. To disable deprecation, use _CRT_SECURE_NO_WARNINGS. See online help for details.
                 c:\Program Files (x86)\Microsoft Visual Studio 10.0\VC\include\stdio.h(371) : see declaration of 'sprintf'
     1>h:\c++\spaceshooteriii\lib\freetype\src\bdf\bdflib.c(2095): warning C4996: 'sprintf': This function or variable may be unsafe. Consider using sprintf_s instead. To disable deprecation, use _CRT_SECURE_NO_WARNINGS. See online help for details.
                 c:\Program Files (x86)\Microsoft Visual Studio 10.0\VC\include\stdio.h(371) : see declaration of 'sprintf'
     1>h:\c++\spaceshooteriii\lib\freetype\src\bdf\bdflib.c(2414): warning C4996: 'sprintf': This function or variable may be unsafe. Consider using sprintf_s instead. To disable deprecation, use _CRT_SECURE_NO_WARNINGS. See online help for details.
                 c:\Program Files (x86)\Microsoft Visual Studio 10.0\VC\include\stdio.h(371) : see declaration of 'sprintf'
     1>h:\c++\spaceshooteriii\lib\freetype\src\bdf\bdflib.c(2422): warning C4996: 'sprintf': This function or variable may be unsafe. Consider using sprintf_s instead. To disable deprecation, use _CRT_SECURE_NO_WARNINGS. See online help for details.
                 c:\Program Files (x86)\Microsoft Visual Studio 10.0\VC\include\stdio.h(371) : see declaration of 'sprintf'
         ftbzip2.c
         ftcache.c
         cff.c
         type1cid.c
         ftgzip.c
         ftlzw.c
         pcf.c
         pfr.c
         psaux.c
         pshinter.c
         psnames.c
         raster.c
         sfnt.c
         smooth.c
         truetype.c
         type1.c
         type42.c
         Generating Code...
         Compiling...
         winfnt.c
         ftdebug.c
         Generating Code...
       Lib:
         c:\Program Files (x86)\Microsoft Visual Studio 10.0\VC\bin\Lib.exe /OUT:"H:\C++\SpaceShooterIII\lib\deps\freetype\Debug\freetyped.lib" /NOLOGO freetype.dir\Debug\autofit.obj
         freetype.dir\Debug\ftbase.obj
         freetype.dir\Debug\ftbbox.obj
         freetype.dir\Debug\ftbdf.obj
         freetype.dir\Debug\ftbitmap.obj
         freetype.dir\Debug\ftcid.obj
         freetype.dir\Debug\ftfntfmt.obj
         freetype.dir\Debug\ftfstype.obj
         freetype.dir\Debug\ftgasp.obj
         freetype.dir\Debug\ftglyph.obj
         freetype.dir\Debug\ftgxval.obj
         freetype.dir\Debug\ftinit.obj
         freetype.dir\Debug\ftlcdfil.obj
         freetype.dir\Debug\ftmm.obj
         freetype.dir\Debug\ftotval.obj
         freetype.dir\Debug\ftpatent.obj
         freetype.dir\Debug\ftpfr.obj
         freetype.dir\Debug\ftstroke.obj
         freetype.dir\Debug\ftsynth.obj
         freetype.dir\Debug\ftsystem.obj
         freetype.dir\Debug\fttype1.obj
         freetype.dir\Debug\ftwinfnt.obj
         freetype.dir\Debug\bdf.obj
         freetype.dir\Debug\ftbzip2.obj
         freetype.dir\Debug\ftcache.obj
         freetype.dir\Debug\cff.obj
         freetype.dir\Debug\type1cid.obj
         freetype.dir\Debug\ftgzip.obj
         freetype.dir\Debug\ftlzw.obj
         freetype.dir\Debug\pcf.obj
         freetype.dir\Debug\pfr.obj
         freetype.dir\Debug\psaux.obj
         freetype.dir\Debug\pshinter.obj
         freetype.dir\Debug\psnames.obj
         freetype.dir\Debug\raster.obj
         freetype.dir\Debug\sfnt.obj
         freetype.dir\Debug\smooth.obj
         freetype.dir\Debug\truetype.obj
         freetype.dir\Debug\type1.obj
         freetype.dir\Debug\type42.obj
         freetype.dir\Debug\winfnt.obj
         freetype.dir\Debug\ftdebug.obj  /machine:X86 
         freetype.vcxproj -> H:\C++\SpaceShooterIII\lib\deps\freetype\Debug\freetyped.lib
       FinalizeBuildStatus:
         Deleting file "freetype.dir\Debug\freetype.unsuccessfulbuild".
         Touching "freetype.dir\Debug\freetype.lastbuildstate".
     1>Done Building Project "H:\C++\SpaceShooterIII\lib\deps\freetype\freetype.vcxproj" (build target(s)).

Build succeeded.

Time Elapsed 00:00:20.73
